<?xml version="1.0" encoding="UTF-8"?>
<testsuite name="br.com.infnet.jqwik.repository.PersonRepositoryTest" tests="2" skipped="0" failures="0" errors="0" timestamp="2025-12-06T18:07:47" hostname="DESKTOP-S1AP3CE" time="0.012">
  <properties/>
  <testcase name="shouldCreateAndReadPerson()" classname="br.com.infnet.jqwik.repository.PersonRepositoryTest" time="0.002"/>
  <testcase name="shouldThrowWhenPersonNotFound()" classname="br.com.infnet.jqwik.repository.PersonRepositoryTest" time="0.009"/>
  <system-out><![CDATA[Pessoa inicial adicionada: br.com.infnet.model.Person@7ce4de34
Novo ID gerado: 2
Pessoa salva/atualizada: br.com.infnet.model.Person@67440de6
Pessoa inicial adicionada: br.com.infnet.model.Person@889d9e8
]]></system-out>
  <system-err><![CDATA[]]></system-err>
</testsuite>
