<?xml version="1.0" encoding="UTF-8"?>
<testsuite name="br.com.infnet.integration.SystemIntegrationTest" tests="3" skipped="0" failures="0" errors="0" timestamp="2025-12-06T18:07:41" hostname="DESKTOP-S1AP3CE" time="0.02">
  <properties/>
  <testcase name="shouldIntegratePersonCreation()" classname="br.com.infnet.integration.SystemIntegrationTest" time="0.016"/>
  <testcase name="shouldSyncData()" classname="br.com.infnet.integration.SystemIntegrationTest" time="0.001"/>
  <testcase name="shouldRetrieveAllPersons()" classname="br.com.infnet.integration.SystemIntegrationTest" time="0.001"/>
  <system-out><![CDATA[Pessoa inicial adicionada: br.com.infnet.model.Person@335b5620
Novo ID gerado: 2
Pessoa salva/atualizada: br.com.infnet.model.Person@41709512
Pessoa inicial adicionada: br.com.infnet.model.Person@dbd8e44
Novo ID gerado: 2
Pessoa salva/atualizada: br.com.infnet.model.Person@6a55299e
Pessoa inicial adicionada: br.com.infnet.model.Person@79517588
Novo ID gerado: 2
Pessoa salva/atualizada: br.com.infnet.model.Person@3a0baae5
Novo ID gerado: 3
Pessoa salva/atualizada: br.com.infnet.model.Person@7ac0e420
]]></system-out>
  <system-err><![CDATA[]]></system-err>
</testsuite>
