<?xml version="1.0" encoding="UTF-8"?>
<testsuite name="br.com.infnet.jqwik.fuzz.FuzzMaliciousInputTest" tests="1" skipped="0" failures="0" errors="0" timestamp="2025-12-06T18:08:08" hostname="DESKTOP-S1AP3CE" time="0.202">
  <properties/>
  <testcase name="testRandomStrings" classname="br.com.infnet.jqwik.fuzz.FuzzMaliciousInputTest" time="0.202"/>
  <system-out><![CDATA[timestamp = 2025-12-06T15:08:08.584427500, FuzzMaliciousInputTest:testRandomStrings = 
                              |-----------------------jqwik-----------------------
tries = 1000                  | # of calls to property
checks = 1000                 | # of not rejected calls
generation = RANDOMIZED       | parameters are randomly generated
after-failure = SAMPLE_FIRST  | try previously failed sample, then previous seed
when-fixed-seed = ALLOW       | fixing the random seed is allowed
edge-cases#mode = MIXIN       | edge cases are mixed in
edge-cases#total = 3          | # of all combined edge cases
edge-cases#tried = 3          | # of edge cases tried in current run
seed = -5841182911103678822   | random seed to reproduce generated values


]]></system-out>
  <system-err><![CDATA[]]></system-err>
</testsuite>
