<?xml version="1.0" encoding="UTF-8"?>
<testsuite name="br.com.infnet.selenium.ErrorSimulationTest" tests="1" skipped="0" failures="0" errors="0" timestamp="2025-12-06T18:07:50" hostname="DESKTOP-S1AP3CE" time="1.177">
  <properties/>
  <testcase name="testErrorSimulation()" classname="br.com.infnet.selenium.ErrorSimulationTest" time="1.177"/>
  <system-out><![CDATA[15:07:48.767 [Test worker] INFO io.github.bonigarcia.wdm.WebDriverManager -- Using chromedriver 142.0.7444.175 (resolved driver for Chrome 142)
15:07:48.787 [Test worker] INFO io.github.bonigarcia.wdm.WebDriverManager -- Exporting webdriver.chrome.driver as C:\Users\balat\.cache\selenium\chromedriver\win64\142.0.7444.175\chromedriver.exe

  .   ____          _            __ _ _
 /\\ / ___'_ __ _ _(_)_ __  __ _ \ \ \ \
( ( )\___ | '_ | '_| | '_ \/ _` | \ \ \ \
 \\/  ___)| |_)| | | | | || (_| |  ) ) ) )
  '  |____| .__|_| |_|_| |_\__, | / / / /
 =========|_|==============|___/=/_/_/_/

 :: Spring Boot ::                (v3.3.2)

2025-12-06T15:07:49.018-03:00  INFO 35368 --- [    Test worker] b.c.infnet.selenium.ErrorSimulationTest  : Starting ErrorSimulationTest using Java 17.0.12 with PID 35368 (started by balat in C:\Users\balat\Downloads\zero\JoaoVictor_Martins_PB_TP5\teste-performance-cinco-projeto-bloco-final-main)
2025-12-06T15:07:49.019-03:00  INFO 35368 --- [    Test worker] b.c.infnet.selenium.ErrorSimulationTest  : No active profile set, falling back to 1 default profile: "default"
2025-12-06T15:07:49.760-03:00  INFO 35368 --- [    Test worker] o.s.b.w.embedded.tomcat.TomcatWebServer  : Tomcat initialized with port 8080 (http)
2025-12-06T15:07:49.770-03:00  INFO 35368 --- [    Test worker] o.apache.catalina.core.StandardService   : Starting service [Tomcat]
2025-12-06T15:07:49.770-03:00  INFO 35368 --- [    Test worker] o.apache.catalina.core.StandardEngine    : Starting Servlet engine: [Apache Tomcat/10.1.26]
2025-12-06T15:07:49.856-03:00  INFO 35368 --- [    Test worker] o.a.c.c.C.[Tomcat].[localhost].[/]       : Initializing Spring embedded WebApplicationContext
2025-12-06T15:07:49.857-03:00  INFO 35368 --- [    Test worker] w.s.c.ServletWebServerApplicationContext : Root WebApplicationContext: initialization completed in 818 ms
Pessoa inicial adicionada: br.com.infnet.model.Person@6866e740
2025-12-06T15:07:50.193-03:00  INFO 35368 --- [    Test worker] o.s.b.w.embedded.tomcat.TomcatWebServer  : Tomcat started on port 8080 (http) with context path '/'
2025-12-06T15:07:50.199-03:00  INFO 35368 --- [    Test worker] b.c.infnet.selenium.ErrorSimulationTest  : Started ErrorSimulationTest in 1.384 seconds (process running for 9.312)
2025-12-06T15:07:51.117-03:00  WARN 35368 --- [    Test worker] o.o.selenium.devtools.CdpVersionFinder   : Unable to find CDP implementation matching 142
2025-12-06T15:07:51.117-03:00  WARN 35368 --- [    Test worker] o.o.selenium.chromium.ChromiumDriver     : Unable to find version of CDP to use for 142.0.7444.177. You may need to include a dependency on a specific version of the CDP using something similar to `org.seleniumhq.selenium:selenium-devtools-v86:4.19.1` where the version ("v86") matches the version of the chromium-based browser you're using and the version number of the artifact is the same as Selenium's.
2025-12-06T15:07:51.201-03:00  INFO 35368 --- [nio-8080-exec-1] o.a.c.c.C.[Tomcat].[localhost].[/]       : Initializing Spring DispatcherServlet 'dispatcherServlet'
2025-12-06T15:07:51.201-03:00  INFO 35368 --- [nio-8080-exec-1] o.s.web.servlet.DispatcherServlet        : Initializing Servlet 'dispatcherServlet'
2025-12-06T15:07:51.202-03:00  INFO 35368 --- [nio-8080-exec-1] o.s.web.servlet.DispatcherServlet        : Completed initialization in 0 ms
]]></system-out>
  <system-err><![CDATA[]]></system-err>
</testsuite>
